app/manifest-merger-release-report.txt
-- Merging decision tree log ---
manifest
ADDED from AndroidManifest.xml:2:1
	xmlns:android
		ADDED from AndroidManifest.xml:2:11
	package
		ADDED from AndroidManifest.xml:3:5
		INJECTED from AndroidManifest.xml:0:0
		INJECTED from AndroidManifest.xml:0:0
	android:versionName
		INJECTED from AndroidManifest.xml:0:0
		INJECTED from AndroidManifest.xml:0:0
	android:versionCode
		INJECTED from AndroidManifest.xml:0:0
		INJECTED from AndroidManifest.xml:0:0
uses-permission#android.permission.GET_ACCOUNTS
ADDED from AndroidManifest.xml:8:5
	android:name
		ADDED from AndroidManifest.xml:8:22
uses-permission#android.permission.AUTHENTICATE_ACCOUNTS
ADDED from AndroidManifest.xml:9:5
	android:name
		ADDED from AndroidManifest.xml:9:22
uses-permission#android.permission.READ_SYNC_SETTINGS
ADDED from AndroidManifest.xml:10:5
	android:name
		ADDED from AndroidManifest.xml:10:22
uses-permission#android.permission.WRITE_SYNC_SETTINGS
ADDED from AndroidManifest.xml:11:5
	android:name
		ADDED from AndroidManifest.xml:11:22
uses-permission#android.permission.INTERNET
ADDED from AndroidManifest.xml:12:5
	android:name
		ADDED from AndroidManifest.xml:12:22
application
ADDED from AndroidManifest.xml:15:5
MERGED from com.android.support:appcompat-v7:21.0.3:16:5
MERGED from com.android.support:support-v4:21.0.3:16:5
MERGED from com.android.support:support-v4:21.0.3:16:5
MERGED from com.android.support:cardview-v7:21.0.3:16:5
MERGED from com.android.support:support-v13:21.0.3:16:5
MERGED from com.android.support:support-v4:21.0.3:16:5
MERGED from com.google.android.gms:play-services:6.5.87:20:5
MERGED from com.android.support:support-v4:21.0.3:16:5
MERGED from android.wallet:volley:unspecified:9:5
MERGED from com.journeyapps:zxing-android-embedded:2.3.0:48:5
MERGED from com.journeyapps:zxing-android-legacy:2.3.0:49:5
MERGED from com.journeyapps:zxing-android-integration:2.3.0:9:5
	android:label
		ADDED from AndroidManifest.xml:19:9
	android:allowBackup
		ADDED from AndroidManifest.xml:17:9
	android:icon
		ADDED from AndroidManifest.xml:18:9
	android:theme
		ADDED from AndroidManifest.xml:20:9
	android:name
		ADDED from AndroidManifest.xml:16:9
activity#io.ucoin.app.activity.MainActivity
ADDED from AndroidManifest.xml:22:9
	android:name
		ADDED from AndroidManifest.xml:22:19
intent-filter#android.intent.action.MAIN+android.intent.category.LAUNCHER
ADDED from AndroidManifest.xml:23:13
category#android.intent.category.LAUNCHER
ADDED from AndroidManifest.xml:24:17
	android:name
		ADDED from AndroidManifest.xml:24:27
action#android.intent.action.MAIN
ADDED from AndroidManifest.xml:25:17
	android:name
		ADDED from AndroidManifest.xml:25:25
activity#io.ucoin.app.activity.CurrencyListActivity
ADDED from AndroidManifest.xml:29:9
	android:label
		ADDED from AndroidManifest.xml:31:13
	android:name
		ADDED from AndroidManifest.xml:30:13
activity#io.ucoin.app.activity.CurrencyActivity
ADDED from AndroidManifest.xml:34:9
	android:windowSoftInputMode
		ADDED from AndroidManifest.xml:38:13
	android:screenOrientation
		ADDED from AndroidManifest.xml:37:13
	android:configChanges
		ADDED from AndroidManifest.xml:36:13
	android:name
		ADDED from AndroidManifest.xml:35:13
intent-filter#android.intent.action.SEARCH
ADDED from AndroidManifest.xml:39:13
action#android.intent.action.SEARCH
ADDED from AndroidManifest.xml:40:17
	android:name
		ADDED from AndroidManifest.xml:40:25
meta-data#android.app.searchable
ADDED from AndroidManifest.xml:42:13
	android:resource
		ADDED from AndroidManifest.xml:44:17
	android:name
		ADDED from AndroidManifest.xml:43:17
activity#io.ucoin.app.activity.TransferActivity
ADDED from AndroidManifest.xml:47:9
	android:windowSoftInputMode
		ADDED from AndroidManifest.xml:51:13
	android:screenOrientation
		ADDED from AndroidManifest.xml:50:13
	android:label
		ADDED from AndroidManifest.xml:49:13
	android:name
		ADDED from AndroidManifest.xml:48:13
activity#io.ucoin.app.activity.AddContactActivity
ADDED from AndroidManifest.xml:53:9
	android:screenOrientation
		ADDED from AndroidManifest.xml:56:13
	android:label
		ADDED from AndroidManifest.xml:55:13
	android:name
		ADDED from AndroidManifest.xml:54:13
activity#io.ucoin.app.activity.SearchIdentityActivity
ADDED from AndroidManifest.xml:58:9
	android:screenOrientation
		ADDED from AndroidManifest.xml:61:13
	android:label
		ADDED from AndroidManifest.xml:60:13
	android:name
		ADDED from AndroidManifest.xml:59:13
activity#io.ucoin.app.activity.LookupActivity
ADDED from AndroidManifest.xml:63:9
	android:screenOrientation
		ADDED from AndroidManifest.xml:66:13
	android:label
		ADDED from AndroidManifest.xml:65:13
	android:name
		ADDED from AndroidManifest.xml:64:13
activity#io.ucoin.app.activity.SettingsActivity
ADDED from AndroidManifest.xml:68:9
	android:screenOrientation
		ADDED from AndroidManifest.xml:71:13
	android:label
		ADDED from AndroidManifest.xml:70:13
	android:theme
		ADDED from AndroidManifest.xml:72:13
	android:name
		ADDED from AndroidManifest.xml:69:13
service#io.ucoin.app.service.AuthenticatorService
ADDED from AndroidManifest.xml:74:9
	android:name
		ADDED from AndroidManifest.xml:74:18
intent-filter#android.accounts.AccountAuthenticator
ADDED from AndroidManifest.xml:75:13
action#android.accounts.AccountAuthenticator
ADDED from AndroidManifest.xml:76:17
	android:name
		ADDED from AndroidManifest.xml:76:25
meta-data#android.accounts.AccountAuthenticator
ADDED from AndroidManifest.xml:78:13
	android:resource
		ADDED from AndroidManifest.xml:80:17
	android:name
		ADDED from AndroidManifest.xml:79:17
service#io.ucoin.app.service.SyncService
ADDED from AndroidManifest.xml:83:9
	android:process
		ADDED from AndroidManifest.xml:86:13
	android:exported
		ADDED from AndroidManifest.xml:85:13
	android:name
		ADDED from AndroidManifest.xml:84:13
intent-filter#android.content.SyncAdapter
ADDED from AndroidManifest.xml:88:13
action#android.content.SyncAdapter
ADDED from AndroidManifest.xml:89:17
	android:name
		ADDED from AndroidManifest.xml:89:25
meta-data#android.content.SyncAdapter
ADDED from AndroidManifest.xml:91:13
	android:resource
		ADDED from AndroidManifest.xml:93:17
	android:name
		ADDED from AndroidManifest.xml:92:17
provider#io.ucoin.app.content.DbProvider
ADDED from AndroidManifest.xml:96:9
	android:syncable
		ADDED from AndroidManifest.xml:100:13
	android:exported
		ADDED from AndroidManifest.xml:99:13
	android:authorities
		ADDED from AndroidManifest.xml:98:13
	android:name
		ADDED from AndroidManifest.xml:97:13
uses-sdk
INJECTED from AndroidManifest.xml:0:0 reason: use-sdk injection requested
MERGED from com.android.support:appcompat-v7:21.0.3:15:5
MERGED from com.android.support:support-v4:21.0.3:15:5
MERGED from com.android.support:support-v4:21.0.3:15:5
MERGED from com.android.support:cardview-v7:21.0.3:15:5
MERGED from com.android.support:support-v13:21.0.3:15:5
MERGED from com.android.support:support-v4:21.0.3:15:5
MERGED from com.google.android.gms:play-services:6.5.87:18:5
MERGED from com.android.support:support-v4:21.0.3:15:5
MERGED from android.wallet:scrypt:unspecified:7:5
MERGED from android.wallet:kalium-jni:unspecified:7:5
MERGED from android.wallet:volley:unspecified:7:5
MERGED from com.journeyapps:zxing-android-embedded:2.3.0:19:5
MERGED from com.journeyapps:zxing-android-legacy:2.3.0:20:5
MERGED from com.journeyapps:zxing-android-integration:2.3.0:5:5
	android:targetSdkVersion
		INJECTED from AndroidManifest.xml:0:0
		INJECTED from AndroidManifest.xml:0:0
	android:minSdkVersion
		INJECTED from AndroidManifest.xml:0:0
		INJECTED from AndroidManifest.xml:0:0
meta-data#com.google.android.gms.version
ADDED from com.google.android.gms:play-services:6.5.87:21:9
	android:name
		ADDED from com.google.android.gms:play-services:6.5.87:22:13
	android:value
		ADDED from com.google.android.gms:play-services:6.5.87:23:13
uses-permission#android.permission.CAMERA
ADDED from com.journeyapps:zxing-android-embedded:2.3.0:23:5
MERGED from com.journeyapps:zxing-android-legacy:2.3.0:24:5
	android:name
		ADDED from com.journeyapps:zxing-android-embedded:2.3.0:23:22
uses-feature#android.hardware.camera
ADDED from com.journeyapps:zxing-android-embedded:2.3.0:26:5
MERGED from com.journeyapps:zxing-android-legacy:2.3.0:27:5
	android:required
		ADDED from com.journeyapps:zxing-android-embedded:2.3.0:28:9
	android:name
		ADDED from com.journeyapps:zxing-android-embedded:2.3.0:27:9
uses-feature#android.hardware.camera.front
ADDED from com.journeyapps:zxing-android-embedded:2.3.0:29:5
MERGED from com.journeyapps:zxing-android-legacy:2.3.0:30:5
	android:required
		ADDED from com.journeyapps:zxing-android-embedded:2.3.0:31:9
	android:name
		ADDED from com.journeyapps:zxing-android-embedded:2.3.0:30:9
uses-feature#android.hardware.camera.autofocus
ADDED from com.journeyapps:zxing-android-embedded:2.3.0:34:5
MERGED from com.journeyapps:zxing-android-legacy:2.3.0:35:5
	android:required
		ADDED from com.journeyapps:zxing-android-embedded:2.3.0:36:9
	android:name
		ADDED from com.journeyapps:zxing-android-embedded:2.3.0:35:9
uses-feature#android.hardware.camera.flash
ADDED from com.journeyapps:zxing-android-embedded:2.3.0:37:5
MERGED from com.journeyapps:zxing-android-legacy:2.3.0:38:5
	android:required
		ADDED from com.journeyapps:zxing-android-embedded:2.3.0:39:9
	android:name
		ADDED from com.journeyapps:zxing-android-embedded:2.3.0:38:9
uses-feature#android.hardware.screen.landscape
ADDED from com.journeyapps:zxing-android-embedded:2.3.0:40:5
MERGED from com.journeyapps:zxing-android-legacy:2.3.0:41:5
	android:required
		ADDED from com.journeyapps:zxing-android-embedded:2.3.0:42:9
	android:name
		ADDED from com.journeyapps:zxing-android-embedded:2.3.0:41:9
uses-feature#android.hardware.wifi
ADDED from com.journeyapps:zxing-android-embedded:2.3.0:43:5
MERGED from com.journeyapps:zxing-android-legacy:2.3.0:44:5
	android:required
		ADDED from com.journeyapps:zxing-android-embedded:2.3.0:45:9
	android:name
		ADDED from com.journeyapps:zxing-android-embedded:2.3.0:44:9
activity#com.google.zxing.client.android.CaptureActivity
ADDED from com.journeyapps:zxing-android-embedded:2.3.0:49:9
	android:windowSoftInputMode
		ADDED from com.journeyapps:zxing-android-embedded:2.3.0:55:13
	android:screenOrientation
		ADDED from com.journeyapps:zxing-android-embedded:2.3.0:52:13
	android:theme
		ADDED from com.journeyapps:zxing-android-embedded:2.3.0:54:13
	android:stateNotNeeded
		ADDED from com.journeyapps:zxing-android-embedded:2.3.0:53:13
	android:clearTaskOnLaunch
		ADDED from com.journeyapps:zxing-android-embedded:2.3.0:51:13
	android:name
		ADDED from com.journeyapps:zxing-android-embedded:2.3.0:50:13
activity#com.google.zxing.client.androidlegacy.CaptureActivity
ADDED from com.journeyapps:zxing-android-legacy:2.3.0:50:9
	android:windowSoftInputMode
		ADDED from com.journeyapps:zxing-android-legacy:2.3.0:57:13
	android:screenOrientation
		ADDED from com.journeyapps:zxing-android-legacy:2.3.0:54:13
	android:configChanges
		ADDED from com.journeyapps:zxing-android-legacy:2.3.0:53:13
	android:theme
		ADDED from com.journeyapps:zxing-android-legacy:2.3.0:56:13
	android:stateNotNeeded
		ADDED from com.journeyapps:zxing-android-legacy:2.3.0:55:13
	android:clearTaskOnLaunch
		ADDED from com.journeyapps:zxing-android-legacy:2.3.0:52:13
	android:name
		ADDED from com.journeyapps:zxing-android-legacy:2.3.0:51:13